Arguments: 
  C:\Program Files\nodejs\node.exe C:\Program Files (x86)\Yarn\bin\yarn.js install

PATH: 
  C:\ProgramData\Oracle\Java\javapath;C:\WINDOWS\system32;C:\WINDOWS;C:\WINDOWS\System32\Wbem;C:\WINDOWS\System32\WindowsPowerShell\v1.0\;C:\Program Files (x86)\GtkSharp\2.12\bin;C:\Program Files (x86)\Brackets\command;C:\Program Files\Git\cmd;C:\Program Files\nodejs\;C:\Program Files (x86)\Yarn\bin;C:\Users\JacksPublishing\AppData\Local\Microsoft\WindowsApps;C:\Users\JacksPublishing\AppData\Roaming\npm;C:\Users\JacksPublishing\AppData\Local\GitHubDesktop\bin;C:\Users\JacksPublishing\AppData\Local\Yarn\bin;%USERPROFILE%\AppData\Local\Microsoft\WindowsApps;

Yarn version: 
  1.2.0

Node version: 
  7.7.4

Platform: 
  win32 x64

npm manifest: 
  {
    "name": "polymer-3-first-element",
    "version": "1.0.0",
    "flat": true,
    "description": "Build your first element with Polymer 3!",
    "main": "index.html",
    //"repository": "https://github.com/PolymerLabs/polymer-3-first-element.git",
    //"author": "Kate Jeffreys <katejeffreys@google.com>",
    "license": "MIT",
    "dependencies": {
      "@polymer/iron-icon": "^3.0.0-pre.1",
      "@polymer/iron-icons": "^3.0.0-pre.1",
      "@polymer/polymer": "^3.0.0-pre.1",
      "@webcomponents/webcomponentsjs": "^1.0.20"
    },
    "resolutions": {
      "@webcomponents/webcomponentsjs": "1.0.20"
    }
  }

yarn manifest: 
  No manifest

Lockfile: 
  No lockfile

Trace: 
  SyntaxError: C:\Users\JacksPublishing\Desktop\dev\server\inmostFire\package.json: Unexpected token / in JSON at position 164
      at JSON.parse (<anonymous>)
      at C:\Program Files (x86)\Yarn\lib\cli.js:770:59
      at Generator.next (<anonymous>)
      at step (C:\Program Files (x86)\Yarn\lib\cli.js:92:30)
      at C:\Program Files (x86)\Yarn\lib\cli.js:103:13
